TN:
SF:/home/zommiommy/Github/epserde-rs/epserde/src/des/des_impl.rs
FNF:0
DA:23,409
DA:24,409
DA:25,409
DA:26,409
DA:27,409
DA:32,96
DA:33,96
DA:34,96
DA:35,96
DA:45,4
DA:46,4
DA:50,2
DA:51,2
DA:57,8
DA:58,8
DA:62,4
DA:63,4
DA:69,28
DA:70,84
DA:74,14
DA:75,14
DA:81,346
DA:82,692
DA:83,346
DA:84,346
DA:85,346
DA:86,346
DA:87,346
DA:88,346
DA:89,346
DA:90,346
DA:93,1
DA:96,1
DA:97,1
DA:98,1
DA:99,1
DA:100,1
DA:101,1
DA:104,8
DA:107,8
DA:108,8
DA:110,40
DA:111,32
DA:112,16
DA:113,16
DA:115,8
DA:119,15
DA:122,15
DA:123,15
DA:125,81
DA:126,66
DA:127,33
DA:128,33
DA:130,15
DA:144,13
DA:148,13
DA:153,7
DA:163,7
DA:172,7
DA:175,7
DA:178,1
DA:181,1
DA:189,6
DA:192,6
DA:195,6
DA:198,6
DA:202,10
DA:205,20
DA:206,10
DA:207,28
DA:208,36
DA:209,18
DA:210,18
DA:212,10
DA:215,22
DA:218,44
DA:219,22
DA:220,69
DA:221,94
DA:222,47
DA:223,47
DA:225,22
DA:249,18
DA:253,18
DA:258,24
DA:268,24
DA:277,9
DA:280,9
DA:283,15
DA:286,15
DA:294,9
DA:297,9
DA:300,9
DA:303,9
DA:314,2
DA:318,2
DA:323,2
DA:333,2
DA:342,1
DA:345,3
DA:348,1
DA:351,1
DA:359,1
DA:362,3
DA:365,1
DA:368,3
DA:374,26
DA:375,52
DA:376,26
DA:377,26
DA:381,26
DA:384,52
DA:385,26
DA:386,26
DA:387,26
DA:388,26
DA:390,26
DA:397,4
DA:398,12
DA:402,4
DA:405,8
DA:406,4
DA:407,4
DA:408,4
DA:409,4
DA:411,4
LF:126
LH:126
end_of_record
TN:
SF:/home/zommiommy/Github/epserde-rs/epserde/src/des/mod.rs
FNF:0
DA:60,138
DA:61,138
DA:63,138
DA:64,138
DA:65,138
DA:67,138
DA:68,138
DA:69,138
DA:70,138
DA:72,266
DA:73,133
DA:75,154
DA:76,154
DA:78,154
DA:79,154
DA:80,154
DA:82,154
DA:83,154
DA:84,154
DA:85,154
DA:87,278
DA:88,139
DA:93,292
DA:98,584
DA:99,292
DA:100,284
DA:101,4
DA:102,4
DA:105,568
DA:106,284
DA:107,4
DA:109,560
DA:110,280
DA:111,4
DA:114,552
DA:115,552
DA:117,276
DA:118,4
DA:119,4
DA:120,4
DA:121,4
DA:122,4
DA:126,272
DA:157,5
DA:158,5
DA:160,1
DA:162,1
DA:163,1
DA:165,0
DA:167,1
DA:168,1
DA:170,0
DA:173,1
DA:174,1
DA:176,1
DA:177,1
DA:178,1
DA:180,1
DA:181,1
DA:183,1
DA:185,1
DA:186,1
DA:188,1
DA:190,0
DA:192,1
DA:193,1
DA:194,1
DA:195,1
DA:196,1
DA:197,1
DA:198,1
DA:199,1
DA:200,1
DA:201,1
DA:203,1
DA:219,292
DA:226,4277
DA:228,4277
DA:229,4277
LF:79
LH:76
end_of_record
TN:
SF:/home/zommiommy/Github/epserde-rs/epserde/src/lib.rs
FNF:0
DA:49,3153
DA:50,3153
DA:59,2146
DA:62,2146
DA:63,2146
DA:64,2146
DA:65,2146
DA:66,2146
DA:67,0
DA:69,2146
LF:10
LH:9
end_of_record
TN:
SF:/home/zommiommy/Github/epserde-rs/epserde/src/mem_case.rs
FNF:0
DA:12,0
DA:13,0
DA:14,0
DA:15,0
DA:16,0
DA:21,1
DA:22,1
DA:27,5
DA:28,5
DA:31,2
DA:32,3
DA:83,24
DA:84,24
DA:90,0
DA:91,0
DA:96,0
DA:97,0
DA:101,0
DA:102,0
DA:112,3
DA:116,9
DA:117,6
DA:119,0
DA:120,3
DA:121,3
DA:122,3
DA:124,3
DA:125,3
DA:126,3
DA:127,3
DA:128,3
DA:131,3
DA:132,3
DA:135,6
DA:136,6
DA:137,3
DA:138,3
DA:141,3
DA:143,0
DA:152,3
DA:156,9
DA:157,6
DA:158,3
DA:160,3
DA:161,4
DA:162,2
DA:164,0
DA:165,2
DA:166,2
DA:167,2
DA:169,2
DA:172,2
DA:174,0
DA:175,6
DA:176,2
DA:178,0
DA:182,4
DA:183,4
DA:185,2
DA:186,2
DA:189,2
DA:191,0
DA:195,1
DA:197,1
DA:198,1
DA:199,1
DA:201,1
DA:202,1
DA:203,1
DA:204,1
DA:206,1
DA:207,1
DA:210,1
DA:212,1
DA:213,1
DA:216,2
DA:217,2
DA:219,1
DA:220,1
DA:223,1
DA:225,0
LF:81
LH:63
end_of_record
TN:
SF:/home/zommiommy/Github/epserde-rs/epserde/src/ser/mod.rs
FNF:0
DA:49,63
DA:50,63
DA:51,63
DA:52,63
DA:58,72
DA:59,72
DA:60,72
DA:61,0
DA:65,135
DA:66,270
DA:67,270
DA:68,270
DA:70,135
DA:71,135
DA:72,270
DA:73,270
DA:75,270
DA:76,135
DA:77,135
LF:19
LH:18
end_of_record
TN:
SF:/home/zommiommy/Github/epserde-rs/epserde/src/ser/ser_impl.rs
FNF:0
DA:19,655
DA:20,655
DA:21,655
DA:31,0
DA:33,1
DA:36,1
DA:38,2
DA:39,1
DA:40,1
DA:41,1
DA:42,1
DA:45,1
DA:52,2
DA:53,2
DA:61,4
DA:62,12
DA:63,4
DA:64,4
DA:72,14
DA:73,14
DA:79,180
DA:84,180
DA:85,180
DA:86,360
DA:87,180
DA:89,170
DA:92,170
DA:94,340
DA:95,170
DA:96,170
DA:97,170
DA:98,170
DA:101,46
DA:102,36
DA:106,180
DA:121,9
DA:122,9
DA:128,1
DA:129,1
DA:135,8
DA:136,40
DA:137,32
DA:139,8
DA:149,17
DA:150,17
DA:156,8
DA:157,8
DA:163,9
DA:164,9
DA:174,2
DA:175,2
DA:181,1
DA:182,1
DA:188,1
DA:189,1
DA:197,4
DA:198,4
DA:206,157
DA:207,157
LF:59
LH:58
end_of_record
TN:
SF:/home/zommiommy/Github/epserde-rs/epserde/src/ser/ser_writers.rs
FNF:0
DA:34,845
DA:35,1690
DA:38,124
DA:39,248
DA:58,124
DA:65,1477
DA:66,1477
DA:72,845
DA:73,1690
DA:74,845
DA:75,845
DA:79,124
DA:80,124
DA:96,295
DA:97,295
DA:98,295
DA:99,121
DA:101,295
DA:107,365
DA:108,365
DA:121,70
DA:122,70
DA:160,2
DA:161,2
DA:162,22
DA:163,20
DA:164,20
DA:165,24
DA:166,4
DA:167,4
DA:168,4
DA:171,16
DA:172,16
DA:173,16
DA:174,16
DA:175,16
DA:176,16
DA:177,16
DA:178,16
DA:184,6
DA:185,2
DA:186,2
DA:187,2
DA:188,2
DA:189,2
DA:190,2
DA:191,2
DA:192,2
DA:196,2
DA:203,11
DA:204,11
DA:205,641
DA:206,210
DA:207,210
DA:208,210
DA:211,11
DA:229,65
DA:231,65
DA:232,65
DA:240,313
DA:241,313
DA:242,313
DA:243,273
DA:246,40
DA:248,120
DA:249,80
DA:250,40
DA:252,40
DA:255,40
DA:256,40
DA:257,40
DA:258,40
DA:259,40
DA:260,40
DA:262,40
DA:263,112
DA:265,40
DA:269,450
DA:270,450
DA:271,450
DA:272,450
DA:273,450
DA:274,450
DA:275,450
DA:276,450
DA:277,450
DA:278,450
DA:281,900
DA:283,450
DA:284,450
DA:285,450
DA:286,450
DA:290,101
DA:297,101
DA:298,101
DA:299,101
DA:300,101
DA:301,101
DA:302,101
DA:303,101
DA:304,101
DA:306,101
DA:307,101
DA:308,101
DA:312,1124
DA:313,1124
DA:319,426
DA:320,426
DA:324,65
DA:325,65
LF:110
LH:110
end_of_record
TN:
SF:/home/zommiommy/Github/epserde-rs/epserde/src/type_hash.rs
FNF:0
DA:18,26
DA:19,26
DA:27,1
DA:28,1
DA:29,1
DA:37,2
DA:38,2
DA:39,2
DA:45,2
DA:46,2
DA:47,2
DA:48,2
DA:56,16
DA:57,16
DA:58,16
DA:59,16
DA:65,8
DA:66,8
DA:67,8
DA:75,214
DA:76,214
DA:96,21
DA:97,21
DA:106,54
DA:107,54
DA:108,54
DA:117,18
DA:118,18
DA:119,18
DA:128,1
DA:129,1
DA:136,1
DA:137,1
DA:148,1
DA:149,1
DA:150,1
DA:151,1
DA:152,1
DA:153,1
DA:154,1
DA:155,1
LF:41
LH:41
end_of_record
